<?xml version="1.0" encoding="UTF-8"?>
<!-- Generated by org.testng.reporters.JUnitReportReporter -->
<testsuite skipped="0" hostname="LAPTOP-PE52CNM5" name="keywordsOrAttributes.InvocationCountTest" tests="5" failures="0" timestamp="2020-11-14T01:15:36 IST" time="0.026" errors="0">
  <testcase name="invokeTest" time="0.003" classname="keywordsOrAttributes.InvocationCountTest"/>
  <system-out/>
  <testcase name="invokeTest" time="0.004" classname="keywordsOrAttributes.InvocationCountTest"/>
  <system-out/>
  <testcase name="invokeTest" time="0.004" classname="keywordsOrAttributes.InvocationCountTest"/>
  <system-out/>
  <testcase name="invokeTest" time="0.013" classname="keywordsOrAttributes.InvocationCountTest"/>
  <system-out/>
  <testcase name="invokeTest" time="0.002" classname="keywordsOrAttributes.InvocationCountTest"/>
  <system-out/>
</testsuite> <!-- keywordsOrAttributes.InvocationCountTest -->
