<?xml version="1.0" encoding="UTF-8"?>
<!-- Generated by org.testng.reporters.JUnitReportReporter -->
<testsuite skipped="0" hostname="LAPTOP-PE52CNM5" name="keywordsPractise.ExpeExce" tests="1" failures="0" timestamp="2020-12-30T23:03:21 IST" time="3.031" errors="0">
  <testcase name="oneTest" time="3.031" classname="keywordsPractise.ExpeExce"/>
  <system-out/>
</testsuite> <!-- keywordsPractise.ExpeExce -->
