<?xml version="1.0" encoding="UTF-8"?>
<!-- Generated by org.testng.reporters.JUnitReportReporter -->
<testsuite skipped="2" hostname="LAPTOP-PE52CNM5" name="keywordsPractise.enableTrue" tests="4" failures="0" timestamp="2020-12-30T23:16:16 IST" time="0.013" errors="0">
  <testcase name="sixTest" time="0.004" classname="keywordsPractise.enableTrue"/>
  <system-out/>
  <testcase name="fourTest" time="0.009" classname="keywordsPractise.enableTrue"/>
  <system-out/>
  <testcase name="twoTest" classname="keywordsPractise.enableTrue">
    <skipped/>
  </testcase> <!-- twoTest -->
  <system-out/>
  <testcase name="oneTest" classname="keywordsPractise.enableTrue">
    <skipped/>
  </testcase> <!-- oneTest -->
  <system-out/>
</testsuite> <!-- keywordsPractise.enableTrue -->
