<?xml version="1.0" encoding="UTF-8"?>
<!-- Generated by org.testng.reporters.JUnitReportReporter -->
<testsuite skipped="0" hostname="LAPTOP-PE52CNM5" name="priorityTest.PriorityTest" tests="4" failures="0" timestamp="2020-11-04T20:38:09 IST" time="82.441" errors="0">
  <testcase name="logoVerification" time="18.928" classname="priorityTest.PriorityTest"/>
  <system-out/>
  <testcase name="titleVerification" time="17.591" classname="priorityTest.PriorityTest"/>
  <system-out/>
  <testcase name="login" time="21.487" classname="priorityTest.PriorityTest"/>
  <system-out/>
  <testcase name="scroll" time="24.435" classname="priorityTest.PriorityTest"/>
  <system-out/>
</testsuite> <!-- priorityTest.PriorityTest -->
