<?xml version="1.0" encoding="UTF-8"?>
<!-- Generated by org.testng.reporters.JUnitReportReporter -->
<testsuite skipped="0" hostname="LAPTOP-PE52CNM5" name="keywordsOrAttributes.GroupsTest" tests="4" failures="0" timestamp="2020-11-14T01:37:00 IST" time="0.014" errors="0">
  <testcase name="thirdTest" time="0.002" classname="keywordsOrAttributes.GroupsTest"/>
  <system-out/>
  <testcase name="secondTest" time="0.003" classname="keywordsOrAttributes.GroupsTest"/>
  <system-out/>
  <testcase name="firstTest" time="0.006" classname="keywordsOrAttributes.GroupsTest"/>
  <system-out/>
  <testcase name="fourthTest" time="0.003" classname="keywordsOrAttributes.GroupsTest"/>
  <system-out/>
</testsuite> <!-- keywordsOrAttributes.GroupsTest -->
