<?xml version="1.0" encoding="UTF-8"?>
<!-- Generated by org.testng.reporters.JUnitReportReporter -->
<testsuite skipped="2" hostname="LAPTOP-PE52CNM5" name="keywordsOrAttributes.EnableTest" tests="4" failures="0" timestamp="2020-11-14T01:30:56 IST" time="0.015" errors="0">
  <testcase name="firstTest" time="0.013" classname="keywordsOrAttributes.EnableTest"/>
  <system-out/>
  <testcase name="secondTest" time="0.002" classname="keywordsOrAttributes.EnableTest"/>
  <system-out/>
  <testcase name="fourthTest" classname="keywordsOrAttributes.EnableTest">
    <skipped/>
  </testcase> <!-- fourthTest -->
  <system-out/>
  <testcase name="thirdTest" classname="keywordsOrAttributes.EnableTest">
    <skipped/>
  </testcase> <!-- thirdTest -->
  <system-out/>
</testsuite> <!-- keywordsOrAttributes.EnableTest -->
