<?xml version="1.0" encoding="UTF-8"?>
<!-- Generated by org.testng.reporters.JUnitReportReporter -->
<testsuite skipped="0" hostname="LAPTOP-PE52CNM5" name="keywordsOrAttributes.ParameterTest" tests="1" failures="0" timestamp="2022-01-13T22:34:15 IST" time="0.010" errors="0">
  <testcase name="setUp" time="0.010" classname="keywordsOrAttributes.ParameterTest"/>
  <system-out/>
</testsuite> <!-- keywordsOrAttributes.ParameterTest -->
