<?xml version="1.0" encoding="UTF-8"?>
<!-- Generated by org.testng.reporters.JUnitReportReporter -->
<testsuite skipped="0" hostname="LAPTOP-PE52CNM5" name="keywordsOrAttributes.DataProviderTest" tests="3" failures="0" timestamp="2020-11-14T02:11:02 IST" time="0.017" errors="0">
  <testcase name="dataReceived" time="0.002" classname="keywordsOrAttributes.DataProviderTest"/>
  <system-out/>
  <testcase name="dataReceived" time="0.012" classname="keywordsOrAttributes.DataProviderTest"/>
  <system-out/>
  <testcase name="dataReceived" time="0.003" classname="keywordsOrAttributes.DataProviderTest"/>
  <system-out/>
</testsuite> <!-- keywordsOrAttributes.DataProviderTest -->
