<?xml version="1.0" encoding="UTF-8"?>
<!-- Generated by org.testng.reporters.JUnitReportReporter -->
<testsuite skipped="0" hostname="LAPTOP-PE52CNM5" name="testngKeywords.InvocationMethods" tests="3" failures="0" timestamp="2020-11-04T22:54:44 IST" time="0.021" errors="0">
  <testcase name="exec" time="0.003" classname="testngKeywords.InvocationMethods"/>
  <system-out/>
  <testcase name="exec" time="0.016" classname="testngKeywords.InvocationMethods"/>
  <system-out/>
  <testcase name="exec" time="0.002" classname="testngKeywords.InvocationMethods"/>
  <system-out/>
</testsuite> <!-- testngKeywords.InvocationMethods -->
