<?xml version="1.0" encoding="UTF-8"?>
<!-- Generated by org.testng.reporters.JUnitReportReporter -->
<testsuite skipped="0" hostname="LAPTOP-PE52CNM5" name="keywordsPractise.PriorityTest" tests="4" failures="0" timestamp="2020-12-30T23:16:16 IST" time="0.006" errors="0">
  <testcase name="oneTest" time="0.002" classname="keywordsPractise.PriorityTest"/>
  <system-out/>
  <testcase name="twoTest" time="0.001" classname="keywordsPractise.PriorityTest"/>
  <system-out/>
  <testcase name="fourTest" time="0.001" classname="keywordsPractise.PriorityTest"/>
  <system-out/>
  <testcase name="sixTest" time="0.002" classname="keywordsPractise.PriorityTest"/>
  <system-out/>
</testsuite> <!-- keywordsPractise.PriorityTest -->
