<?xml version="1.0" encoding="UTF-8"?>
<!-- Generated by org.testng.reporters.JUnitReportReporter -->
<testsuite skipped="0" hostname="LAPTOP-PE52CNM5" name="keywordsOrAttributes.ExpectedException" tests="1" failures="0" timestamp="2020-11-14T00:46:55 IST" time="2.113" errors="0">
  <testcase name="Exception" time="2.113" classname="keywordsOrAttributes.ExpectedException"/>
  <system-out/>
</testsuite> <!-- keywordsOrAttributes.ExpectedException -->
