<?xml version="1.0" encoding="UTF-8"?>
<!-- Generated by org.testng.reporters.JUnitReportReporter -->
<testsuite skipped="0" hostname="LAPTOP-PE52CNM5" name="keywordsPractise.InvoCount" tests="8" failures="0" timestamp="2020-12-30T23:16:16 IST" time="0.026" errors="0">
  <testcase name="twoTest" time="0.002" classname="keywordsPractise.InvoCount"/>
  <system-out/>
  <testcase name="twoTest" time="0.002" classname="keywordsPractise.InvoCount"/>
  <system-out/>
  <testcase name="oneTest" time="0.003" classname="keywordsPractise.InvoCount"/>
  <system-out/>
  <testcase name="twoTest" time="0.002" classname="keywordsPractise.InvoCount"/>
  <system-out/>
  <testcase name="oneTest" time="0.003" classname="keywordsPractise.InvoCount"/>
  <system-out/>
  <testcase name="twoTest" time="0.006" classname="keywordsPractise.InvoCount"/>
  <system-out/>
  <testcase name="oneTest" time="0.006" classname="keywordsPractise.InvoCount"/>
  <system-out/>
  <testcase name="twoTest" time="0.002" classname="keywordsPractise.InvoCount"/>
  <system-out/>
</testsuite> <!-- keywordsPractise.InvoCount -->
