<?xml version="1.0" encoding="UTF-8"?>
<!-- Generated by org.testng.reporters.JUnitReportReporter -->
<testsuite skipped="0" hostname="LAPTOP-PE52CNM5" name="keywordsOrAttributes.DependsOnGroupsTest" tests="3" failures="0" timestamp="2020-11-14T01:37:00 IST" time="0.016" errors="0">
  <testcase name="firstTest" time="0.013" classname="keywordsOrAttributes.DependsOnGroupsTest"/>
  <system-out/>
  <testcase name="thirdTest" time="0.001" classname="keywordsOrAttributes.DependsOnGroupsTest"/>
  <system-out/>
  <testcase name="secondTest" time="0.002" classname="keywordsOrAttributes.DependsOnGroupsTest"/>
  <system-out/>
</testsuite> <!-- keywordsOrAttributes.DependsOnGroupsTest -->
