<?xml version="1.0" encoding="UTF-8"?>
<!-- Generated by org.testng.reporters.JUnitReportReporter -->
<testsuite skipped="0" hostname="LAPTOP-PE52CNM5" name="keywordsOrAttributes.ExpectedExceptionTest" tests="1" failures="0" timestamp="2020-11-14T01:00:08 IST" time="0.014" errors="0">
  <testcase name="multiException" time="0.014" classname="keywordsOrAttributes.ExpectedExceptionTest"/>
  <system-out/>
</testsuite> <!-- keywordsOrAttributes.ExpectedExceptionTest -->
