<?xml version="1.0" encoding="UTF-8"?>
<!-- Generated by org.testng.reporters.JUnitReportReporter -->
<testsuite skipped="0" hostname="LAPTOP-PE52CNM5" name="testngKeywords.GroupsTest" tests="5" failures="0" timestamp="2020-11-04T20:47:50 IST" time="98.630" errors="0">
  <testcase name="logoVerification" time="19.818" classname="testngKeywords.GroupsTest"/>
  <system-out/>
  <testcase name="titleVerification" time="25.662" classname="testngKeywords.GroupsTest"/>
  <system-out/>
  <testcase name="login" time="17.254" classname="testngKeywords.GroupsTest"/>
  <system-out/>
  <testcase name="scroll" time="22.283" classname="testngKeywords.GroupsTest"/>
  <system-out/>
  <testcase name="userLogin" time="13.613" classname="testngKeywords.GroupsTest"/>
  <system-out/>
</testsuite> <!-- testngKeywords.GroupsTest -->
