<?xml version="1.0" encoding="UTF-8"?>
<!-- Generated by org.testng.reporters.JUnitReportReporter -->
<testsuite skipped="1" hostname="LAPTOP-PE52CNM5" name="keywordsOrAttributes.PriorityTest" tests="4" failures="0" timestamp="2020-11-14T01:40:28 IST" time="0.017" errors="0">
  <testcase name="firstTest" time="0.013" classname="keywordsOrAttributes.PriorityTest"/>
  <system-out/>
  <testcase name="thirdTest" time="0.002" classname="keywordsOrAttributes.PriorityTest"/>
  <system-out/>
  <testcase name="fourthTest" time="0.002" classname="keywordsOrAttributes.PriorityTest"/>
  <system-out/>
  <testcase name="secondTest" classname="keywordsOrAttributes.PriorityTest">
    <skipped/>
  </testcase> <!-- secondTest -->
  <system-out/>
</testsuite> <!-- keywordsOrAttributes.PriorityTest -->
